<?xml version="1.0" encoding="UTF-8"?>
<testsuite xmlns:xsi="http://www.w3.org/2001/XMLSchema-instance" xsi:schemaLocation="https://maven.apache.org/surefire/maven-surefire-plugin/xsd/surefire-test-report.xsd" name="AVLTree_ESTest" time="2.145" tests="22" errors="0" skipped="0" failures="0">
  <properties>
[...]
</properties>
  <testcase name="test01" classname="AVLTree_ESTest" time="0.032"/>
  <testcase name="test12" classname="AVLTree_ESTest" time="0"/>
  <testcase name="test00" classname="AVLTree_ESTest" time="0"/>
  <testcase name="test11" classname="AVLTree_ESTest" time="0.015"/>
  <testcase name="test10" classname="AVLTree_ESTest" time="0"/>
  <testcase name="test21" classname="AVLTree_ESTest" time="0.016"/>
  <testcase name="test20" classname="AVLTree_ESTest" time="0.022"/>
  <testcase name="test05" classname="AVLTree_ESTest" time="0.016"/>
  <testcase name="test16" classname="AVLTree_ESTest" time="0.015"/>
  <testcase name="test04" classname="AVLTree_ESTest" time="0"/>
  <testcase name="test15" classname="AVLTree_ESTest" time="0.016"/>
  <testcase name="test03" classname="AVLTree_ESTest" time="0"/>
  <testcase name="test14" classname="AVLTree_ESTest" time="0"/>
  <testcase name="test02" classname="AVLTree_ESTest" time="0"/>
  <testcase name="test13" classname="AVLTree_ESTest" time="0.016"/>
  <testcase name="test09" classname="AVLTree_ESTest" time="0"/>
  <testcase name="test08" classname="AVLTree_ESTest" time="0.015"/>
  <testcase name="test19" classname="AVLTree_ESTest" time="0"/>
  <testcase name="test07" classname="AVLTree_ESTest" time="0"/>
  <testcase name="test18" classname="AVLTree_ESTest" time="0.022"/>
  <testcase name="test06" classname="AVLTree_ESTest" time="0"/>
  <testcase name="test17" classname="AVLTree_ESTest" time="0.016"/>
</testsuite>